2022-02-27 10:29:42.754  INFO 21640 --- [restartedMain] dationJavaFullStack1TutorialsApplication : Starting EcodationJavaFullStack1TutorialsApplication using Java 11.0.11 on DESKTOP-RTG2D08 with PID 21640 (F:\spring\EcodationJavaFullStack1\Ecodation_JavaFullStack1_tutorials\target\classes started by Java Spring in F:\spring\EcodationJavaFullStack1\Ecodation_JavaFullStack1_tutorials)
2022-02-27 10:29:42.755  INFO 21640 --- [restartedMain] dationJavaFullStack1TutorialsApplication : No active profile set, falling back to 1 default profile: "default"
2022-02-27 10:29:42.804  INFO 21640 --- [restartedMain] .e.DevToolsPropertyDefaultsPostProcessor : Devtools property defaults active! Set 'spring.devtools.add-properties' to 'false' to disable
2022-02-27 10:29:42.808  INFO 21640 --- [restartedMain] .e.DevToolsPropertyDefaultsPostProcessor : For additional web related logging consider setting the 'logging.level.web' property to 'DEBUG'
2022-02-27 10:29:43.874  INFO 21640 --- [restartedMain] .s.d.r.c.RepositoryConfigurationDelegate : Bootstrapping Spring Data JPA repositories in DEFAULT mode.
2022-02-27 10:29:43.886  INFO 21640 --- [restartedMain] .s.d.r.c.RepositoryConfigurationDelegate : Finished Spring Data repository scanning in 4 ms. Found 0 JPA repository interfaces.
2022-02-27 10:29:44.413  INFO 21640 --- [restartedMain] o.s.b.w.embedded.tomcat.TomcatWebServer  : Tomcat initialized with port(s): 8080 (http)
2022-02-27 10:29:44.423  INFO 21640 --- [restartedMain] o.apache.catalina.core.StandardService   : Starting service [Tomcat]
2022-02-27 10:29:44.423  INFO 21640 --- [restartedMain] org.apache.catalina.core.StandardEngine  : Starting Servlet engine: [Apache Tomcat/9.0.58]
2022-02-27 10:29:44.515  INFO 21640 --- [restartedMain] o.a.c.c.C.[Tomcat].[localhost].[/]       : Initializing Spring embedded WebApplicationContext
2022-02-27 10:29:44.515  INFO 21640 --- [restartedMain] w.s.c.ServletWebServerApplicationContext : Root WebApplicationContext: initialization completed in 1706 ms
2022-02-27 10:29:44.613  INFO 21640 --- [restartedMain] com.zaxxer.hikari.HikariDataSource       : HikariPool-1 - Starting...
2022-02-27 10:29:44.703  INFO 21640 --- [restartedMain] com.zaxxer.hikari.HikariDataSource       : HikariPool-1 - Start completed.
2022-02-27 10:29:44.712  INFO 21640 --- [restartedMain] o.s.b.a.h2.H2ConsoleAutoConfiguration    : H2 console available at '/h2-console'. Database available at 'jdbc:h2:file:./memory_persist/denemedb'
2022-02-27 10:29:44.831  INFO 21640 --- [restartedMain] o.hibernate.jpa.internal.util.LogHelper  : HHH000204: Processing PersistenceUnitInfo [name: default]
2022-02-27 10:29:44.865  INFO 21640 --- [restartedMain] org.hibernate.Version                    : HHH000412: Hibernate ORM core version 5.6.5.Final
2022-02-27 10:29:44.958  INFO 21640 --- [restartedMain] o.hibernate.annotations.common.Version   : HCANN000001: Hibernate Commons Annotations {5.1.2.Final}
2022-02-27 10:29:45.036  INFO 21640 --- [restartedMain] org.hibernate.dialect.Dialect            : HHH000400: Using dialect: org.hibernate.dialect.H2Dialect
2022-02-27 10:29:45.164  INFO 21640 --- [restartedMain] o.h.e.t.j.p.i.JtaPlatformInitiator       : HHH000490: Using JtaPlatform implementation: [org.hibernate.engine.transaction.jta.platform.internal.NoJtaPlatform]
2022-02-27 10:29:45.171  INFO 21640 --- [restartedMain] j.LocalContainerEntityManagerFactoryBean : Initialized JPA EntityManagerFactory for persistence unit 'default'
2022-02-27 10:29:45.289  WARN 21640 --- [restartedMain] JpaBaseConfiguration$JpaWebConfiguration : spring.jpa.open-in-view is enabled by default. Therefore, database queries may be performed during view rendering. Explicitly configure spring.jpa.open-in-view to disable this warning
2022-02-27 10:29:45.875  WARN 21640 --- [restartedMain] ion$DefaultTemplateResolverConfiguration : Cannot find template location: classpath:/templates/ (please add some templates or check your Thymeleaf configuration)
2022-02-27 10:29:46.135  INFO 21640 --- [restartedMain] o.s.b.d.a.OptionalLiveReloadServer       : LiveReload server is running on port 35729
2022-02-27 10:29:46.139  INFO 21640 --- [restartedMain] o.s.b.a.e.web.EndpointLinksResolver      : Exposing 1 endpoint(s) beneath base path '/actuator'
2022-02-27 10:29:46.184  INFO 21640 --- [restartedMain] o.s.b.w.embedded.tomcat.TomcatWebServer  : Tomcat started on port(s): 8080 (http) with context path ''
2022-02-27 10:29:46.202  INFO 21640 --- [restartedMain] dationJavaFullStack1TutorialsApplication : Started EcodationJavaFullStack1TutorialsApplication in 3.9 seconds (JVM running for 5.878)
2022-02-27 10:29:48.751  INFO 21640 --- [RMI TCP Connection(3)-172.29.192.1] o.a.c.c.C.[Tomcat].[localhost].[/]       : Initializing Spring DispatcherServlet 'dispatcherServlet'
2022-02-27 10:29:48.753  INFO 21640 --- [RMI TCP Connection(3)-172.29.192.1] o.s.web.servlet.DispatcherServlet        : Initializing Servlet 'dispatcherServlet'
2022-02-27 10:29:48.755  INFO 21640 --- [RMI TCP Connection(3)-172.29.192.1] o.s.web.servlet.DispatcherServlet        : Completed initialization in 1 ms
